{"C:\\Users\\CHUKSCO\\Desktop\\SGS-Projects\\e-learning-platform-API-updated\\models\\User.js": {"path":"C:\\Users\\CHUKSCO\\Desktop\\SGS-Projects\\e-learning-platform-API-updated\\models\\User.js","statementMap":{"0":{"start":{"line":1,"column":17},"end":{"line":1,"column":36}},"1":{"start":{"line":2,"column":15},"end":{"line":2,"column":34}},"2":{"start":{"line":3,"column":12},"end":{"line":3,"column":35}},"3":{"start":{"line":5,"column":19},"end":{"line":26,"column":25}},"4":{"start":{"line":29,"column":0},"end":{"line":32,"column":2}},"5":{"start":{"line":30,"column":17},"end":{"line":30,"column":41}},"6":{"start":{"line":31,"column":4},"end":{"line":31,"column":59}},"7":{"start":{"line":34,"column":0},"end":{"line":41,"column":1}},"8":{"start":{"line":35,"column":4},"end":{"line":40,"column":71}},"9":{"start":{"line":44,"column":0},"end":{"line":47,"column":1}},"10":{"start":{"line":45,"column":30},"end":{"line":45,"column":79}},"11":{"start":{"line":46,"column":4},"end":{"line":46,"column":28}},"12":{"start":{"line":55,"column":0},"end":{"line":55,"column":52}}},"fnMap":{"0":{"name":"(anonymous_0)","decl":{"start":{"line":29,"column":23},"end":{"line":29,"column":24}},"loc":{"start":{"line":29,"column":41},"end":{"line":32,"column":1}},"line":29},"1":{"name":"(anonymous_1)","decl":{"start":{"line":34,"column":31},"end":{"line":34,"column":32}},"loc":{"start":{"line":34,"column":43},"end":{"line":41,"column":1}},"line":34},"2":{"name":"(anonymous_2)","decl":{"start":{"line":44,"column":38},"end":{"line":44,"column":39}},"loc":{"start":{"line":44,"column":68},"end":{"line":47,"column":1}},"line":44}},"branchMap":{},"s":{"0":1,"1":1,"2":1,"3":1,"4":1,"5":1,"6":1,"7":1,"8":0,"9":1,"10":0,"11":0,"12":1},"f":{"0":1,"1":0,"2":0},"b":{},"_coverageSchema":"1a1c01bbd47fc00a2c39e90264f33305004495a9","hash":"d598bbd57daee2d99817cdaf7640c8ceba150fb2"}
}
